<?xml version="1.0" encoding="UTF-8"?>
<!-- Generated by org.testng.reporters.JUnitXMLReporter -->
<testsuite ignored="0" hostname="LAPTOP-PTT52QJ2" failures="0" tests="3" name="Default test" time="20.578" errors="0" timestamp="2024-06-15T13:37:01 BST">
  <testcase classname="TestGN.DataProviders" name="demo" time="12.046"/>
  <testcase classname="TestGN.DataProviders" name="demo" time="4.019"/>
  <testcase classname="TestGN.DataProviders" name="demo" time="4.426"/>
</testsuite> <!-- Default test -->
