<?xml version="1.0" encoding="UTF-8"?>
<testng-results ignored="0" total="3" passed="3" failed="0" skipped="0">
  <reporter-output>
  </reporter-output>
  <suite started-at="2024-06-15T13:36:41 BST" name="Default suite" finished-at="2024-06-15T13:37:01 BST" duration-ms="20578">
    <groups>
    </groups>
    <test started-at="2024-06-15T13:36:41 BST" name="Default test" finished-at="2024-06-15T13:37:01 BST" duration-ms="20578">
      <class name="TestGN.DataProviders">
        <test-method signature="demo(java.lang.String,java.lang.String)[pri:0, instance:TestGN.DataProviders@411f53a0]" started-at="2024-06-15T13:36:41 BST" name="demo" data-provider="getData" finished-at="2024-06-15T13:36:53 BST" duration-ms="12046" status="PASS">
          <params>
            <param index="0">
              <value>
                <![CDATA[kumar]]>
              </value>
            </param>
            <param index="1">
              <value is-null="true"/>
            </param>
          </params>
          <reporter-output>
          </reporter-output>
        </test-method> <!-- demo -->
        <test-method signature="demo(java.lang.String,java.lang.String)[pri:0, instance:TestGN.DataProviders@411f53a0]" started-at="2024-06-15T13:36:53 BST" name="demo" data-provider="getData" finished-at="2024-06-15T13:36:57 BST" duration-ms="4019" status="PASS">
          <params>
            <param index="0">
              <value>
                <![CDATA[java]]>
              </value>
            </param>
            <param index="1">
              <value>
                <![CDATA[selenium]]>
              </value>
            </param>
          </params>
          <reporter-output>
          </reporter-output>
        </test-method> <!-- demo -->
        <test-method signature="demo(java.lang.String,java.lang.String)[pri:0, instance:TestGN.DataProviders@411f53a0]" started-at="2024-06-15T13:36:57 BST" name="demo" data-provider="getData" finished-at="2024-06-15T13:37:01 BST" duration-ms="4426" status="PASS">
          <params>
            <param index="0">
              <value>
                <![CDATA[Qspider]]>
              </value>
            </param>
            <param index="1">
              <value>
                <![CDATA[Student]]>
              </value>
            </param>
          </params>
          <reporter-output>
          </reporter-output>
        </test-method> <!-- demo -->
      </class> <!-- TestGN.DataProviders -->
    </test> <!-- Default test -->
  </suite> <!-- Default suite -->
</testng-results>
